<?xml version="1.0" encoding="UTF-8"?>
<robot generator="Robot 3.2.2 (Python 3.9.2 on win32)" generated="20210317 17:57:54.974" rpa="false">
<suite id="s1" name="newWindow" source="C:\Users\ialborgh\OneDrive - everis\Desktop\RobotFrameWork\RobotFrameWork\robot\robot\web\tests\newWindow.robot">
<test id="s1-t1" name="Opening a new Tab">
<kw name="Nova Sessao" library="base" type="setup">
<kw name="Open Browser" library="SeleniumLibrary">
<doc>Opens a new browser instance to the optional ``url``.</doc>
<arguments>
<arg>${url}</arg>
<arg>chrome</arg>
</arguments>
<msg timestamp="20210317 17:57:55.210" level="INFO">Opening browser 'chrome' to base url 'https://training-wheels-protocol.herokuapp.com/'.</msg>
<kw name="Capture Page Screenshot" library="SeleniumLibrary">
<doc>Takes a screenshot of the current page and embeds it into a log file.</doc>
<msg timestamp="20210317 17:58:04.385" level="FAIL">WebDriverException: Message: chrome not reachable
  (Session info: chrome=89.0.4389.90)
</msg>
<status status="FAIL" starttime="20210317 17:58:00.101" endtime="20210317 17:58:04.385"></status>
</kw>
<msg timestamp="20210317 17:58:04.385" level="WARN">Keyword 'Capture Page Screenshot' could not be run on failure: WebDriverException: Message: chrome not reachable
  (Session info: chrome=89.0.4389.90)
</msg>
<msg timestamp="20210317 17:58:04.388" level="FAIL">WebDriverException: Message: unknown error: cannot determine loading status
from disconnected: received Inspector.detached event
  (Session info: chrome=89.0.4389.90)
</msg>
<status status="FAIL" starttime="20210317 17:57:55.210" endtime="20210317 17:58:04.388"></status>
</kw>
<status status="FAIL" starttime="20210317 17:57:55.209" endtime="20210317 17:58:04.388"></status>
</kw>
<kw name="Encerra Sessao" library="base" type="teardown">
<kw name="Capture Page Screenshot" library="SeleniumLibrary">
<doc>Takes a screenshot of the current page and embeds it into a log file.</doc>
<kw name="Capture Page Screenshot" library="SeleniumLibrary">
<doc>Takes a screenshot of the current page and embeds it into a log file.</doc>
<msg timestamp="20210317 17:58:28.439" level="FAIL">WebDriverException: Message: chrome not reachable
  (Session info: chrome=89.0.4389.90)
</msg>
<status status="FAIL" starttime="20210317 17:58:16.411" endtime="20210317 17:58:28.439"></status>
</kw>
<msg timestamp="20210317 17:58:28.439" level="WARN">Keyword 'Capture Page Screenshot' could not be run on failure: WebDriverException: Message: chrome not reachable
  (Session info: chrome=89.0.4389.90)
</msg>
<msg timestamp="20210317 17:58:28.442" level="FAIL">WebDriverException: Message: chrome not reachable
  (Session info: chrome=89.0.4389.90)
</msg>
<status status="FAIL" starttime="20210317 17:58:04.389" endtime="20210317 17:58:28.442"></status>
</kw>
<kw name="Close Browser" library="SeleniumLibrary">
<doc>Closes the current browser.</doc>
<status status="PASS" starttime="20210317 17:58:28.442" endtime="20210317 17:58:30.502"></status>
</kw>
<status status="FAIL" starttime="20210317 17:58:04.389" endtime="20210317 17:58:30.503">WebDriverException: Message: chrome not reachable
  (Session info: chrome=89.0.4389.90)
</status>
</kw>
<status status="FAIL" starttime="20210317 17:57:55.208" endtime="20210317 17:58:30.503" critical="yes">Setup failed:
WebDriverException: Message: unknown error: cannot determine loading status
from disconnected: received Inspector.detached event
  (Session info: chrome=89.0.4389.90)


Also teardown failed:
WebDriverException: Message: chrome not reachable
  (Session info: chrome=89.0.4389.90)
</status>
</test>
<status status="FAIL" starttime="20210317 17:57:54.979" endtime="20210317 17:58:30.506"></status>
</suite>
<statistics>
<total>
<stat pass="0" fail="1">Critical Tests</stat>
<stat pass="0" fail="1">All Tests</stat>
</total>
<tag>
</tag>
<suite>
<stat pass="0" fail="1" id="s1" name="newWindow">newWindow</stat>
</suite>
</statistics>
<errors>
<msg timestamp="20210317 17:57:55.206" level="ERROR">Error in file 'C:\Users\ialborgh\OneDrive - everis\Desktop\RobotFrameWork\RobotFrameWork\robot\robot\web\tests\newWindow.robot' on line 3: Importing test library 'RPA.Browser.Selenium' failed: ModuleNotFoundError: No module named 'RPA'
Traceback (most recent call last):
  None
PYTHONPATH:
  C:\Python39\Scripts\robot.exe
  c:\python39\python39.zip
  c:\python39\DLLs
  c:\python39\lib
  c:\python39
  C:\Users\ialborgh\AppData\Roaming\Python\Python39\site-packages
  c:\python39\lib\site-packages</msg>
<msg timestamp="20210317 17:58:04.385" level="WARN">Keyword 'Capture Page Screenshot' could not be run on failure: WebDriverException: Message: chrome not reachable
  (Session info: chrome=89.0.4389.90)
</msg>
<msg timestamp="20210317 17:58:28.439" level="WARN">Keyword 'Capture Page Screenshot' could not be run on failure: WebDriverException: Message: chrome not reachable
  (Session info: chrome=89.0.4389.90)
</msg>
</errors>
</robot>
